===== Flight Metrics Report =====
Timestamp: 1742242100705

=== Cluster Metrics ===
CPU Load: 0.00%
Heap Used: 90 MB

=== Cache Metrics ===
Entries: 95002
Reads: 50000
Writes: 110002
Hit Ratio: 100.00%

=====================================
===== Flight Metrics Report =====
Timestamp: 1742409981411

=== Cluster Metrics ===
CPU Load: 0.00%
Heap Used: 112 MB

=== Cache Metrics ===
Entries: 95002
Reads: 50000
Writes: 110002
Hit Ratio: 100.00%

=====================================
===== Flight Metrics Report =====
Timestamp: 1742410022060

=== Cluster Metrics ===
CPU Load: 0.00%
Heap Used: 149 MB

=== Cache Metrics ===
Entries: 95002
Reads: 50000
Writes: 110002
Hit Ratio: 100.00%

=====================================
===== Flight Metrics Report =====
Timestamp: 1742410967779

=== Cluster Metrics ===
CPU Load: 0.00%
Heap Used: 149 MB

=== Cache Metrics ===
Entries: 95002
Reads: 50000
Writes: 110002
Hit Ratio: 100.00%

=====================================
===== Flight Metrics Report =====
Timestamp: 1742411319025

=== Cluster Metrics ===
CPU Load: 0.00%
Heap Used: 160 MB

=== Cache Metrics ===
Entries: 95002
Reads: 50000
Writes: 110002
Hit Ratio: 100.00%

=====================================
===== Flight Metrics Report =====
Timestamp: 1742413723921

=== Cluster Metrics ===
CPU Load: 0.00%
Heap Used: 69 MB

=== Cache Metrics ===
Entries: 95002
Reads: 50000
Writes: 110002
Hit Ratio: 100.00%

=====================================
===== Flight Metrics Report =====
Timestamp: 1742414376342

=== Cluster Metrics ===
CPU Load: 0.00%
Heap Used: 64 MB

=== Cache Metrics ===
Entries: 95002
Reads: 50000
Writes: 110002
Hit Ratio: 100.00%

=====================================
===== Flight Metrics Report =====
Timestamp: 1742756917764

=== Cluster Metrics ===
CPU Load: 0.00%
Heap Used: 93 MB

=== Cache Metrics ===
Entries: 95002
Reads: 50000
Writes: 110002
Hit Ratio: 100.00%

=====================================
===== Flight Metrics Report =====
Timestamp: 1742756981805

=== Cluster Metrics ===
CPU Load: 0.00%
Heap Used: 78 MB

=== Cache Metrics ===
Entries: 95002
Reads: 50000
Writes: 110002
Hit Ratio: 100.00%

=====================================
===== Flight Metrics Report =====
Timestamp: 1742757217318

=== Cluster Metrics ===
CPU Load: 0.00%
Heap Used: 242 MB

=== Cache Metrics ===
Entries: 95002
Reads: 50000
Writes: 110002
Hit Ratio: 100.00%

=====================================
===== Flight Metrics Report =====
Timestamp: 1742758219994

=== Cluster Metrics ===
CPU Load: 0.00%
Heap Used: 238 MB

=== Cache Metrics ===
Entries: 95002
Reads: 50000
Writes: 110002
Hit Ratio: 100.00%

=====================================
===== Flight Metrics Report =====
Timestamp: 1742759948866

=== Cluster Metrics ===
CPU Load: 0.00%
Heap Used: 131 MB

=== Cache Metrics ===
Entries: 95002
Reads: 50000
Writes: 110002
Hit Ratio: 100.00%

=====================================

===== Ignite Metrics =====
Timestamp: 1742838449949

=== Cluster Metrics ===
CPU Load: 0.00%
Heap Used: 173 MB

=== Cache Metrics ===
Entries: 95002
Reads: 0
Writes: 0
Hit Ratio: 0.00%

=====================================

===== Direct MongoDB Metrics =====
Data Load Time: 2791 ms
Read Time (50k ops): 15338 ms
Update Time (10k ops): 3313 ms
Delete Time (5k ops): 1305 ms
===================================

===== Ignite Metrics =====
Timestamp: 1742838623982

=== Cluster Metrics ===
CPU Load: 0.00%
Heap Used: 178 MB

=== Cache Metrics ===
Entries: 95002
Reads: 0
Writes: 0
Hit Ratio: 0.00%

=====================================

===== Direct MongoDB Metrics =====
Data Load Time: 2778 ms
Read Time (50k ops): 15222 ms
Update Time (10k ops): 3142 ms
Delete Time (5k ops): 1290 ms
===================================

===== Ignite Metrics =====
Timestamp: 1742838913533

=== Cluster Metrics ===
CPU Load: 0.00%
Heap Used: 168 MB

=== Cache Metrics ===
Entries: 95002
Reads: 50000
Writes: 110002
Hit Ratio: 100.00%

=====================================

===== Direct MongoDB Metrics =====
Data Load Time: 2827 ms
Read Time (50k ops): 15357 ms
Update Time (10k ops): 3351 ms
Delete Time (5k ops): 1420 ms
===================================

===== Ignite Metrics =====
Timestamp: 1742839261294

=== Cluster Metrics ===
CPU Load: 0.00%
Heap Used: 177 MB

=== Cache Metrics ===
Entries: 95002
Reads: 50000
Writes: 110002
Hit Ratio: 100.00%

=====================================

===== Direct MongoDB Metrics =====
Data Load Time: 2851 ms
Read Time (50k ops): 16371 ms
Update Time (10k ops): 3478 ms
Delete Time (5k ops): 1478 ms
===================================

===== Ignite Metrics =====
Timestamp: 1742839425584

=== Cluster Metrics ===
CPU Load: 0.00%
Heap Used: 171 MB

=== Cache Metrics ===
Entries: 95002
Reads: 50000
Writes: 110002
Hit Ratio: 100.00%

=====================================

===== Direct MongoDB Metrics =====
Data Load Time: 2748 ms
Read Time (50k ops): 15337 ms
Update Time (10k ops): 3430 ms
Delete Time (5k ops): 1290 ms
===================================
