
===== Ignite Metrics =====
Timestamp: 1742840115685
Entries: 95002
Reads: 50000
Writes: 110002
Hit Ratio: 100.00%

===== Direct MongoDB Metrics =====
Data Load Time: 2786 ms
Read Time (50k ops): 16160 ms
Update Time (10k ops): 3209 ms
Delete Time (5k ops): 1306 ms

===== Ignite Metrics =====
Timestamp: 1742840892469
Entries: 95002
Reads: 50000
Writes: 110002
Hit Ratio: 100.00%

===== Direct MongoDB Metrics =====
Data Load Time: 2868 ms
Read Time (50k ops): 17034 ms
Update Time (10k ops): 3434 ms
Delete Time (5k ops): 1319 ms

===== Ignite Metrics =====
Timestamp: 1742841568129
Entries: 95002
Reads: 50000
Writes: 110002
Hit Ratio: 100.00%

===== Direct MongoDB Metrics =====
Data Load Time: 2806 ms
Read Time (50k ops): 16585 ms
Update Time (10k ops): 3499 ms
Delete Time (5k ops): 1305 ms

===== Ignite Metrics =====
Timestamp: 1742842393266
Entries: 95002
Reads: 50000
Writes: 110002
Hit Ratio: 100.00%

===== Direct MongoDB Metrics =====
Data Load Time: 2752 ms
Read Time (50k ops): 15676 ms
Update Time (10k ops): 3373 ms
Delete Time (5k ops): 1292 ms

===== Ignite Metrics =====
Timestamp: 1742843129306
Entries: 95002
Reads: 50000
Writes: 110002
Hit Ratio: 100.00%

===== Direct MongoDB Metrics =====
Data Load Time: 2822 ms
Read Time (50k ops): 15379 ms
Update Time (10k ops): 3210 ms
Delete Time (5k ops): 1303 ms

===== Performance Report =====
Generated at: Fri Mar 28 01:33:41 SGT 2025

=== Ignite Performance ===
Data Load Time: 735 ms
Read Time (50k ops): 549 ms
Update Time (10k ops): 311 ms
Delete Time (5k ops): 123 ms

=== MongoDB Performance ===
Data Load Time: 3006 ms
Read Time (50k ops): 17282 ms
Update Time (10k ops): 3517 ms
Delete Time (5k ops): 1509 ms

--------------------------------------------------

===== Performance Report =====
Generated at: Fri Mar 28 01:55:14 SGT 2025

=== Ignite Performance ===
Data Load Time: 674 ms
Read Time (50k ops): 537 ms
Update Time (10k ops): 264 ms
Delete Time (5k ops): 110 ms

=== MongoDB Performance ===
Data Load Time: 2926 ms
Read Time (50k ops): 17571 ms
Update Time (10k ops): 3665 ms
Delete Time (5k ops): 1501 ms

--------------------------------------------------

===== Performance Comparison =====
Timestamp: 1743098783688

--- Ignite Metrics ---
Data Load: 671 ms
50k Reads: 537 ms
10k Updates: 279 ms
5k Deletes: 108 ms

--- MongoDB Metrics ---
Data Load: 2941 ms
50k Reads: 16004 ms
10k Updates: 3363 ms
5k Deletes: 1316 ms
==================================================
===== Performance Report =====
Generated at: Fri Mar 28 02:09:53 SGT 2025

=== Ignite Performance ===
Data Load Time: 720 ms
Read Time (50k ops): 522 ms
Update Time (10k ops): 282 ms
Delete Time (5k ops): 114 ms

=== MongoDB Performance ===
Data Load Time: 2832 ms
Read Time (50k ops): 15555 ms
Update Time (10k ops): 3226 ms
Delete Time (5k ops): 1414 ms

==================================================
===== Performance Report =====
Generated at: Fri Mar 28 21:25:47 SGT 2025

=== Ignite Performance ===
Data Load Time: 879 ms
Read Time (50k ops): 555 ms
Update Time (10k ops): 265 ms
Delete Time (5k ops): 119 ms

=== MongoDB Performance ===
Data Load Time: 2979 ms
Read Time (50k ops): 17477 ms
Update Time (10k ops): 3812 ms
Delete Time (5k ops): 1516 ms

==================================================
===== Performance Report =====
Generated at: Fri Mar 28 21:50:23 SGT 2025

=== Ignite Performance ===
Data Load Time: 918 ms
Read Time (50k ops): 606 ms
Update Time (10k ops): 298 ms
Delete Time (5k ops): 112 ms

=== MongoDB Performance ===
Data Load Time: 2925 ms
Read Time (50k ops): 18348 ms
Update Time (10k ops): 3909 ms
Delete Time (5k ops): 1582 ms

==================================================
